<?xml version="1.0" encoding="UTF-8"?>
<testng-results skipped="0" failed="1" total="3" passed="2">
  <reporter-output>
  </reporter-output>
  <suite name="Default suite" duration-ms="11436" started-at="2019-12-16T09:37:33Z" finished-at="2019-12-16T09:37:44Z">
    <groups>
    </groups>
    <test name="Default test" duration-ms="11436" started-at="2019-12-16T09:37:33Z" finished-at="2019-12-16T09:37:44Z">
      <class name="DemoExtentReports.ExtentReport">
        <test-method status="PASS" signature="startReport()[pri:0, instance:DemoExtentReports.ExtentReport@27efef64]" name="startReport" is-config="true" duration-ms="234" started-at="2019-12-16T15:07:33Z" finished-at="2019-12-16T15:07:33Z">
          <reporter-output>
          </reporter-output>
        </test-method> <!-- startReport -->
        <test-method status="FAIL" signature="login()[pri:0, instance:DemoExtentReports.ExtentReport@27efef64]" name="login" duration-ms="10341" started-at="2019-12-16T15:07:33Z" finished-at="2019-12-16T15:07:43Z">
          <exception class="java.lang.AssertionError">
            <message>
              <![CDATA[expected [Google] but found [Srinivas]]]>
            </message>
            <full-stacktrace>
              <![CDATA[java.lang.AssertionError: expected [Google] but found [Srinivas]
	at org.testng.Assert.fail(Assert.java:94)
	at org.testng.Assert.failNotEquals(Assert.java:513)
	at org.testng.Assert.assertEqualsImpl(Assert.java:135)
	at org.testng.Assert.assertEquals(Assert.java:116)
	at org.testng.Assert.assertEquals(Assert.java:190)
	at org.testng.Assert.assertEquals(Assert.java:200)
	at DemoExtentReports.ExtentReport.login(ExtentReport.java:73)
	at sun.reflect.NativeMethodAccessorImpl.invoke0(Native Method)
	at sun.reflect.NativeMethodAccessorImpl.invoke(Unknown Source)
	at sun.reflect.DelegatingMethodAccessorImpl.invoke(Unknown Source)
	at java.lang.reflect.Method.invoke(Unknown Source)
	at org.testng.internal.MethodInvocationHelper.invokeMethod(MethodInvocationHelper.java:86)
	at org.testng.internal.Invoker.invokeMethod(Invoker.java:646)
	at org.testng.internal.Invoker.invokeTestMethod(Invoker.java:823)
	at org.testng.internal.Invoker.invokeTestMethods(Invoker.java:1131)
	at org.testng.internal.TestMethodWorker.invokeTestMethods(TestMethodWorker.java:129)
	at org.testng.internal.TestMethodWorker.run(TestMethodWorker.java:112)
	at org.testng.TestRunner.privateRun(TestRunner.java:778)
	at org.testng.TestRunner.run(TestRunner.java:632)
	at org.testng.SuiteRunner.runTest(SuiteRunner.java:366)
	at org.testng.SuiteRunner.runSequentially(SuiteRunner.java:361)
	at org.testng.SuiteRunner.privateRun(SuiteRunner.java:319)
	at org.testng.SuiteRunner.run(SuiteRunner.java:268)
	at org.testng.SuiteRunnerWorker.runSuite(SuiteRunnerWorker.java:52)
	at org.testng.SuiteRunnerWorker.run(SuiteRunnerWorker.java:86)
	at org.testng.TestNG.runSuitesSequentially(TestNG.java:1225)
	at org.testng.TestNG.runSuitesLocally(TestNG.java:1150)
	at org.testng.TestNG.runSuites(TestNG.java:1075)
	at org.testng.TestNG.run(TestNG.java:1047)
	at org.testng.remote.AbstractRemoteTestNG.run(AbstractRemoteTestNG.java:126)
	at org.testng.remote.RemoteTestNG.initAndRun(RemoteTestNG.java:137)
	at org.testng.remote.RemoteTestNG.main(RemoteTestNG.java:58)
]]>
            </full-stacktrace>
          </exception> <!-- java.lang.AssertionError -->
          <reporter-output>
          </reporter-output>
        </test-method> <!-- login -->
        <test-method status="PASS" signature="getResult(org.testng.ITestResult)[pri:0, instance:DemoExtentReports.ExtentReport@27efef64]" name="getResult" is-config="true" duration-ms="427" started-at="2019-12-16T15:07:43Z" finished-at="2019-12-16T15:07:44Z">
          <params>
            <param index="0">
              <value>
                <![CDATA[[TestResult name=login status=FAILURE method=ExtentReport.login()[pri:0, instance:DemoExtentReports.ExtentReport@27efef64] output={null}]]]>
              </value>
            </param>
          </params>
          <reporter-output>
          </reporter-output>
        </test-method> <!-- getResult -->
        <test-method status="PASS" signature="testCase1()[pri:0, instance:DemoExtentReports.ExtentReport@27efef64]" name="testCase1" duration-ms="1" started-at="2019-12-16T15:07:44Z" finished-at="2019-12-16T15:07:44Z">
          <reporter-output>
          </reporter-output>
        </test-method> <!-- testCase1 -->
        <test-method status="PASS" signature="getResult(org.testng.ITestResult)[pri:0, instance:DemoExtentReports.ExtentReport@27efef64]" name="getResult" is-config="true" duration-ms="2" started-at="2019-12-16T15:07:44Z" finished-at="2019-12-16T15:07:44Z">
          <params>
            <param index="0">
              <value>
                <![CDATA[[TestResult name=testCase1 status=SUCCESS method=ExtentReport.testCase1()[pri:0, instance:DemoExtentReports.ExtentReport@27efef64] output={null}]]]>
              </value>
            </param>
          </params>
          <reporter-output>
          </reporter-output>
        </test-method> <!-- getResult -->
        <test-method status="PASS" signature="testCase2()[pri:0, instance:DemoExtentReports.ExtentReport@27efef64]" name="testCase2" duration-ms="2" started-at="2019-12-16T15:07:44Z" finished-at="2019-12-16T15:07:44Z">
          <reporter-output>
          </reporter-output>
        </test-method> <!-- testCase2 -->
        <test-method status="PASS" signature="getResult(org.testng.ITestResult)[pri:0, instance:DemoExtentReports.ExtentReport@27efef64]" name="getResult" is-config="true" duration-ms="1" started-at="2019-12-16T15:07:44Z" finished-at="2019-12-16T15:07:44Z">
          <params>
            <param index="0">
              <value>
                <![CDATA[[TestResult name=testCase2 status=SUCCESS method=ExtentReport.testCase2()[pri:0, instance:DemoExtentReports.ExtentReport@27efef64] output={null}]]]>
              </value>
            </param>
          </params>
          <reporter-output>
          </reporter-output>
        </test-method> <!-- getResult -->
        <test-method status="PASS" signature="tearDown()[pri:0, instance:DemoExtentReports.ExtentReport@27efef64]" name="tearDown" is-config="true" duration-ms="399" started-at="2019-12-16T15:07:44Z" finished-at="2019-12-16T15:07:44Z">
          <reporter-output>
          </reporter-output>
        </test-method> <!-- tearDown -->
      </class> <!-- DemoExtentReports.ExtentReport -->
    </test> <!-- Default test -->
  </suite> <!-- Default suite -->
</testng-results>
